app/build/intermediates/manifest_merge_blame_file/debug/manifest-merger-blame-debug-report.txt
1<?xml version="1.0" encoding="utf-8"?>
2<manifest xmlns:android="http://schemas.android.com/apk/res/android"
3    package="com.example.onlinecvmaker"
4    android:versionCode="1"
5    android:versionName="1.0" >
6
7    <uses-sdk
8        android:minSdkVersion="15"
8-->src\main\AndroidManifest.xml
9        android:targetSdkVersion="28" />
9-->src\main\AndroidManifest.xml
10
11    <supports-screens
11-->src\main\AndroidManifest.xml:5:5-11:40
12        android:anyDensity="true"
12-->src\main\AndroidManifest.xml:6:9-34
13        android:largeScreens="true"
13-->src\main\AndroidManifest.xml:7:9-36
14        android:normalScreens="true"
14-->src\main\AndroidManifest.xml:8:9-37
15        android:resizeable="true"
15-->src\main\AndroidManifest.xml:9:9-34
16        android:smallScreens="true"
16-->src\main\AndroidManifest.xml:10:9-36
17        android:xlargeScreens="true" />
17-->src\main\AndroidManifest.xml:11:9-37
18
19    <uses-permission android:name="android.permission.WRITE_EXTERNAL_STORAGE" />
19-->src\main\AndroidManifest.xml:13:5-81
19-->src\main\AndroidManifest.xml:13:22-78
20    <uses-permission android:name="android.permission.READ_EXTERNAL_STORAGE" />
20-->src\main\AndroidManifest.xml:14:5-80
20-->src\main\AndroidManifest.xml:14:22-77
21    <uses-permission android:name="android.permission.INTERNET" />
21-->src\main\AndroidManifest.xml:15:5-67
21-->src\main\AndroidManifest.xml:15:22-64
22
23    <application
23-->src\main\AndroidManifest.xml:17:5-62:19
24        android:name="com.example.onlinecvmaker.MyCV"
24-->src\main\AndroidManifest.xml:18:9-29
25        android:allowBackup="true"
25-->src\main\AndroidManifest.xml:19:9-35
26        android:appComponentFactory="android.support.v4.app.CoreComponentFactory"
26-->[com.android.support:support-compat:28.0.0] AndroidManifest.xml:22:18-91
27        android:debuggable="true"
28        android:icon="@mipmap/ic_launcher"
28-->src\main\AndroidManifest.xml:20:9-43
29        android:label="@string/app_name"
29-->src\main\AndroidManifest.xml:21:9-41
30        android:roundIcon="@mipmap/ic_launcher_round"
30-->src\main\AndroidManifest.xml:22:9-54
31        android:supportsRtl="true"
31-->src\main\AndroidManifest.xml:23:9-35
32        android:testOnly="true"
33        android:theme="@style/AppTheme" >
33-->src\main\AndroidManifest.xml:24:9-40
34        <activity android:name="com.example.onlinecvmaker.ReferenceActivity" />
34-->src\main\AndroidManifest.xml:25:9-64
34-->src\main\AndroidManifest.xml:25:19-52
35        <activity android:name="com.example.onlinecvmaker.existingCVsListActivity" />
35-->src\main\AndroidManifest.xml:26:9-61
35-->src\main\AndroidManifest.xml:26:19-58
36
37        <meta-data
37-->src\main\AndroidManifest.xml:28:9-30:55
38            android:name="com.facebook.sdk.ApplicationId"
38-->src\main\AndroidManifest.xml:29:13-58
39            android:value="@string/facebook_app_id" />
39-->src\main\AndroidManifest.xml:30:13-52
40
41        <provider
41-->src\main\AndroidManifest.xml:32:9-35:39
42            android:name="com.facebook.FacebookContentProvider"
42-->src\main\AndroidManifest.xml:33:13-64
43            android:authorities="com.facebook.app.FacebookContentProvider + facebook_app_id"
43-->src\main\AndroidManifest.xml:34:13-93
44            android:exported="true" />
44-->src\main\AndroidManifest.xml:35:13-36
45        <provider
46            android:name="android.support.v4.content.FileProvider"
46-->src\main\AndroidManifest.xml:37:13-67
47            android:authorities="com.example.onlinecvmaker.provider"
47-->src\main\AndroidManifest.xml:38:13-60
48            android:exported="false"
48-->src\main\AndroidManifest.xml:39:13-37
49            android:grantUriPermissions="true" >
49-->src\main\AndroidManifest.xml:40:13-47
50            <meta-data
50-->src\main\AndroidManifest.xml:41:13-43:58
51                android:name="android.support.FILE_PROVIDER_PATHS"
51-->src\main\AndroidManifest.xml:42:17-67
52                android:resource="@xml/provider_paths" />
52-->src\main\AndroidManifest.xml:43:17-55
53        </provider>
54
55        <activity android:name="com.example.onlinecvmaker.OtherActivity" />
55-->src\main\AndroidManifest.xml:46:9-51
55-->src\main\AndroidManifest.xml:46:19-48
56        <activity android:name="com.example.onlinecvmaker.ObjectiveActivity" />
56-->src\main\AndroidManifest.xml:47:9-55
56-->src\main\AndroidManifest.xml:47:19-52
57        <activity android:name="com.example.onlinecvmaker.ProjectsActivity" />
57-->src\main\AndroidManifest.xml:48:9-54
57-->src\main\AndroidManifest.xml:48:19-51
58        <activity android:name="com.example.onlinecvmaker.ContactActivity" />
58-->src\main\AndroidManifest.xml:49:9-53
58-->src\main\AndroidManifest.xml:49:19-50
59        <activity android:name="com.example.onlinecvmaker.ExperienceActivity" />
59-->src\main\AndroidManifest.xml:50:9-56
59-->src\main\AndroidManifest.xml:50:19-53
60        <activity android:name="com.example.onlinecvmaker.QualificationActivity" />
60-->src\main\AndroidManifest.xml:51:9-59
60-->src\main\AndroidManifest.xml:51:19-56
61        <activity android:name="com.example.onlinecvmaker.PersonalInfoActivity" />
61-->src\main\AndroidManifest.xml:52:9-58
61-->src\main\AndroidManifest.xml:52:19-55
62        <activity android:name="com.example.onlinecvmaker.CVCreatingActivity" />
62-->src\main\AndroidManifest.xml:53:9-56
62-->src\main\AndroidManifest.xml:53:19-53
63        <activity android:name="com.example.onlinecvmaker.MainActivity" />
63-->src\main\AndroidManifest.xml:54:9-50
63-->src\main\AndroidManifest.xml:54:19-47
64        <activity android:name="com.example.onlinecvmaker.SplashActivity" >
64-->src\main\AndroidManifest.xml:55:9-61:20
64-->src\main\AndroidManifest.xml:55:19-49
65            <intent-filter>
65-->src\main\AndroidManifest.xml:56:13-60:29
66                <action android:name="android.intent.action.MAIN" />
66-->src\main\AndroidManifest.xml:57:17-69
66-->src\main\AndroidManifest.xml:57:25-66
67
68                <category android:name="android.intent.category.LAUNCHER" />
68-->src\main\AndroidManifest.xml:59:17-77
68-->src\main\AndroidManifest.xml:59:27-74
69            </intent-filter>
70        </activity>
71        <activity
71-->[com.facebook.android:facebook-common:5.5.1] AndroidManifest.xml:29:9-32:66
72            android:name="com.facebook.FacebookActivity"
72-->[com.facebook.android:facebook-common:5.5.1] AndroidManifest.xml:30:13-57
73            android:configChanges="keyboard|keyboardHidden|screenLayout|screenSize|orientation"
73-->[com.facebook.android:facebook-common:5.5.1] AndroidManifest.xml:31:13-96
74            android:theme="@style/com_facebook_activity_theme" />
74-->[com.facebook.android:facebook-common:5.5.1] AndroidManifest.xml:32:13-63
75        <activity android:name="com.facebook.CustomTabMainActivity" />
75-->[com.facebook.android:facebook-common:5.5.1] AndroidManifest.xml:33:9-71
75-->[com.facebook.android:facebook-common:5.5.1] AndroidManifest.xml:33:19-68
76        <activity android:name="com.facebook.CustomTabActivity" />
76-->[com.facebook.android:facebook-common:5.5.1] AndroidManifest.xml:34:9-67
76-->[com.facebook.android:facebook-common:5.5.1] AndroidManifest.xml:34:19-64
77        <!--
78         The initialization ContentProvider will call FacebookSdk.sdkInitialize automatically
79         with the application context. This config is merged in with the host app's manifest,
80         but there can only be one provider with the same authority activated at any given
81         point; so if the end user has two or more different apps that use Facebook SDK, only the
82         first one will be able to use the provider. To work around this problem, we use the
83         following placeholder in the authority to identify each host application as if it was
84         a completely different provider.
85        -->
86        <provider
86-->[com.facebook.android:facebook-core:5.5.1] AndroidManifest.xml:39:9-42:40
87            android:name="com.facebook.internal.FacebookInitProvider"
87-->[com.facebook.android:facebook-core:5.5.1] AndroidManifest.xml:40:13-70
88            android:authorities="com.example.onlinecvmaker.FacebookInitProvider"
88-->[com.facebook.android:facebook-core:5.5.1] AndroidManifest.xml:41:13-72
89            android:exported="false" />
89-->[com.facebook.android:facebook-core:5.5.1] AndroidManifest.xml:42:13-37
90
91        <receiver
91-->[com.facebook.android:facebook-core:5.5.1] AndroidManifest.xml:44:9-50:20
92            android:name="com.facebook.CurrentAccessTokenExpirationBroadcastReceiver"
92-->[com.facebook.android:facebook-core:5.5.1] AndroidManifest.xml:45:13-86
93            android:exported="false" >
93-->[com.facebook.android:facebook-core:5.5.1] AndroidManifest.xml:46:13-37
94            <intent-filter>
94-->[com.facebook.android:facebook-core:5.5.1] AndroidManifest.xml:47:13-49:29
95                <action android:name="com.facebook.sdk.ACTION_CURRENT_ACCESS_TOKEN_CHANGED" />
95-->[com.facebook.android:facebook-core:5.5.1] AndroidManifest.xml:48:17-95
95-->[com.facebook.android:facebook-core:5.5.1] AndroidManifest.xml:48:25-92
96            </intent-filter>
97        </receiver>
98        <receiver
98-->[com.facebook.android:facebook-core:5.5.1] AndroidManifest.xml:51:9-58:20
99            android:name="com.facebook.CampaignTrackingReceiver"
99-->[com.facebook.android:facebook-core:5.5.1] AndroidManifest.xml:52:13-65
100            android:exported="true"
100-->[com.facebook.android:facebook-core:5.5.1] AndroidManifest.xml:53:13-36
101            android:permission="android.permission.INSTALL_PACKAGES" >
101-->[com.facebook.android:facebook-core:5.5.1] AndroidManifest.xml:54:13-69
102            <intent-filter>
102-->[com.facebook.android:facebook-core:5.5.1] AndroidManifest.xml:55:13-57:29
103                <action android:name="com.android.vending.INSTALL_REFERRER" />
103-->[com.facebook.android:facebook-core:5.5.1] AndroidManifest.xml:56:17-79
103-->[com.facebook.android:facebook-core:5.5.1] AndroidManifest.xml:56:25-76
104            </intent-filter>
105        </receiver>
106    </application>
107
108</manifest>